<?xml version="1.0" encoding="UTF-8"?>
<!-- Generated by org.testng.reporters.JUnitReportReporter -->
<testsuite skipped="0" hostname="User" name="com.emirates.reservation.test.Auto_TC_001_Reservation" tests="1" failures="0" timestamp="08 Jul 2018 19:05:33 GMT" time="20.437" errors="0">
  <testcase name="Auto_TC_Reservation_ReturnTicket" time="20.437" classname="com.emirates.reservation.test.Auto_TC_001_Reservation"/>
</testsuite> <!-- com.emirates.reservation.test.Auto_TC_001_Reservation -->
